<?xml version="1.0" encoding="UTF-8"?>
<testsuite xmlns:xsi="http://www.w3.org/2001/XMLSchema-instance" xsi:noNamespaceSchemaLocation="https://maven.apache.org/surefire/maven-surefire-plugin/xsd/surefire-test-report.xsd" name="four.six.ftproxy.AppTest" time="0.032" tests="1" errors="0" skipped="0" failures="0">
  <properties>
    <property name="java.specification.version" value="14"/>
    <property name="sun.cpu.isalist" value="amd64"/>
    <property name="sun.jnu.encoding" value="Cp1252"/>
    <property name="java.class.path" value="D:\cygwin64\home\sures\work\projects\ftproxy\1\target\test-classes;D:\cygwin64\home\sures\work\projects\ftproxy\1\target\classes;C:\Users\sures\.m2\repository\junit\junit\4.11\junit-4.11.jar;C:\Users\sures\.m2\repository\org\hamcrest\hamcrest-core\1.3\hamcrest-core-1.3.jar;C:\Users\sures\.m2\repository\io\netty\netty-all\4.1.48.Final\netty-all-4.1.48.Final.jar;"/>
    <property name="java.vm.vendor" value="Oracle Corporation"/>
    <property name="sun.arch.data.model" value="64"/>
    <property name="user.variant" value=""/>
    <property name="java.vendor.url" value="https://java.oracle.com/"/>
    <property name="user.timezone" value="Asia/Calcutta"/>
    <property name="os.name" value="Windows 10"/>
    <property name="java.vm.specification.version" value="14"/>
    <property name="sun.java.launcher" value="SUN_STANDARD"/>
    <property name="user.country" value="IN"/>
    <property name="sun.boot.library.path" value="C:\Program Files (x86)\Java\JDK\bin"/>
    <property name="sun.java.command" value="D:\cygwin64\tmp\surefire10957070175948695012\surefirebooter18367759319136365688.jar D:\cygwin64\tmp\surefire10957070175948695012 2020-04-21T20-56-16_990-jvmRun1 surefire9652410371734743392tmp surefire_09125516788326731939tmp"/>
    <property name="jdk.debug" value="release"/>
    <property name="surefire.test.class.path" value="D:\cygwin64\home\sures\work\projects\ftproxy\1\target\test-classes;D:\cygwin64\home\sures\work\projects\ftproxy\1\target\classes;C:\Users\sures\.m2\repository\junit\junit\4.11\junit-4.11.jar;C:\Users\sures\.m2\repository\org\hamcrest\hamcrest-core\1.3\hamcrest-core-1.3.jar;C:\Users\sures\.m2\repository\io\netty\netty-all\4.1.48.Final\netty-all-4.1.48.Final.jar;"/>
    <property name="sun.cpu.endian" value="little"/>
    <property name="user.home" value="C:\Users\sures"/>
    <property name="user.language" value="en"/>
    <property name="java.specification.vendor" value="Oracle Corporation"/>
    <property name="java.version.date" value="2020-03-17"/>
    <property name="java.home" value="C:\Program Files (x86)\Java\JDK"/>
    <property name="file.separator" value="\"/>
    <property name="basedir" value="D:\cygwin64\home\sures\work\projects\ftproxy\1"/>
    <property name="java.vm.compressedOopsMode" value="32-bit"/>
    <property name="line.separator" value="&#10;"/>
    <property name="java.vm.specification.vendor" value="Oracle Corporation"/>
    <property name="java.specification.name" value="Java Platform API Specification"/>
    <property name="surefire.real.class.path" value="D:\cygwin64\tmp\surefire10957070175948695012\surefirebooter18367759319136365688.jar"/>
    <property name="user.script" value=""/>
    <property name="sun.management.compiler" value="HotSpot 64-Bit Tiered Compilers"/>
    <property name="java.runtime.version" value="14+36-1461"/>
    <property name="user.name" value="sures"/>
    <property name="path.separator" value=";"/>
    <property name="os.version" value="10.0"/>
    <property name="java.runtime.name" value="Java(TM) SE Runtime Environment"/>
    <property name="file.encoding" value="Cp1252"/>
    <property name="java.vm.name" value="Java HotSpot(TM) 64-Bit Server VM"/>
    <property name="localRepository" value="C:\Users\sures\.m2\repository"/>
    <property name="java.vendor.url.bug" value="https://bugreport.java.com/bugreport/"/>
    <property name="java.io.tmpdir" value="D:\cygwin64\tmp\"/>
    <property name="java.version" value="14"/>
    <property name="user.dir" value="D:\cygwin64\home\sures\work\projects\ftproxy\1"/>
    <property name="os.arch" value="amd64"/>
    <property name="java.vm.specification.name" value="Java Virtual Machine Specification"/>
    <property name="sun.os.patch.level" value=""/>
    <property name="java.library.path" value="C:\Program Files (x86)\Java\JDK\bin;C:\Windows\Sun\Java\bin;C:\Windows\system32;C:\Windows;D:\Java\Maven\bin;D:\Java\jdk-13.0.2\bin;D:\Java\bin;D:\cygwin64\usr\local\bin;D:\cygwin64\bin;C:\Program Files (x86)\Java\JDK\bin;C:\Program Files (x86)\Java\jre1.8.0_241\bin;C:\Program Files (x86)\Common Files\Oracle\Java\javapath;C:\Windows\system32;C:\Windows;C:\Windows\System32\Wbem;C:\Windows\System32\WindowsPowerShell\v1.0;C:\Windows\System32\OpenSSH;C:\Program Files (x86)\NVIDIA Corporation\PhysX\Common;C:\Program Files\NVIDIA Corporation\NVIDIA NvDLISR;C:\HashiCorp\Vagrant\bin;D:\Java\bin;D:\cygwin64\home\sures\tools\apache-maven-3.6.3\bin;C:\Users\sures\AppData\Local\Microsoft\WindowsApps;C:\Program Files (x86)\Java\JDK\bin;C:\Program Files (x86)\Java\jre1.8.0_241\bin;D:\Java\bin;D:\cygwin64\home\sures\tools\apache-maven-3.6.3\bin;."/>
    <property name="java.vm.info" value="mixed mode, sharing"/>
    <property name="java.vendor" value="Oracle Corporation"/>
    <property name="java.vm.version" value="14+36-1461"/>
    <property name="sun.io.unicode.encoding" value="UnicodeLittle"/>
    <property name="java.class.version" value="58.0"/>
  </properties>
  <testcase name="shouldAnswerWithTrue" classname="four.six.ftproxy.AppTest" time="0"/>
</testsuite>